#
# A fatal error has been detected by the Java Runtime Environment:
#
#  EXCEPTION_ACCESS_VIOLATION (0xc0000005) at pc=0x0000000076984bc2, pid=5068, tid=5404
#
# JRE version: Java(TM) SE Runtime Environment (8.0_05-b13) (build 1.8.0_05-b13)
# Java VM: Java HotSpot(TM) 64-Bit Server VM (25.5-b02 mixed mode windows-amd64 compressed oops)
# Problematic frame:
# V  [jvm.dll+0x424bc2]
#
# Failed to write core dump. Minidumps are not enabled by default on client versions of Windows
#
# If you would like to submit a bug report, please visit:
#   http://bugreport.sun.com/bugreport/crash.jsp
#

---------------  T H R E A D  ---------------

Current thread (0x0000000014b3d000):  JavaThread "C2 CompilerThread0" daemon [_thread_in_native, id=5404, stack(0x0000000016430000,0x0000000016530000)]

siginfo: ExceptionCode=0xc0000005, reading address 0x0000000000000000

Registers:
RAX=0x0000000019b0d908, RBX=0x0000000000000600, RCX=0x0000000000000000, RDX=0x000000001c7a0a40
RSP=0x000000001652c010, RBP=0x00000000000000c0, RSI=0x00000000000000b8, RDI=0x0000000000000000
R8 =0x0000000076560000, R9 =0x000000001652c330, R10=0x00000000ffffffff, R11=0x0000000014b29840
R12=0x0000000019b0e010, R13=0x000000001bd52c98, R14=0x0000000000000008, R15=0x000000001bd52c98
RIP=0x0000000076984bc2, EFLAGS=0x0000000000010206

Top of Stack: (sp=0x000000001652c010)
0x000000001652c010:   00000000000000da 00000000000000b0
0x000000001652c020:   000000000000000a 0000000018993580
0x000000001652c030:   0000000000000001 0000000000000600
0x000000001652c040:   0000000000000180 00000000000000c0
0x000000001652c050:   000000001831f850 0000000014b395e0
0x000000001652c060:   00000000000006e0 000000001c79c200
0x000000001652c070:   000000001652c330 0000000019b0aa50
0x000000001652c080:   0000000000000020 0000000000000009
0x000000001652c090:   0000000019b0dfe0 00000000000000da
0x000000001652c0a0:   000000001bd52c98 000000007698579d
0x000000001652c0b0:   0000000019b0dfe0 000000000000001c
0x000000001652c0c0:   00000000000000da 000000001652c330
0x000000001652c0d0:   000000001c7a0a40 00000000000000da
0x000000001652c0e0:   0000000019b0aa50 0000000000000020
0x000000001652c0f0:   0000000019dd1700 000000001652e6a0
0x000000001652c100:   0000000019dd1d30 0000000019b0dfe0 

Instructions: (pc=0x0000000076984bc2)
0x0000000076984ba2:   c6 48 63 f0 48 03 f1 eb 04 48 83 ce ff 48 8b 84
0x0000000076984bb2:   24 a0 00 00 00 48 8b 40 08 48 8b 3c 03 48 8b cf
0x0000000076984bc2:   48 8b 07 ff 50 28 4c 8d 05 31 b4 bd ff 48 63 50
0x0000000076984bd2:   10 4c 8b d8 48 8b ca 48 c1 e1 05 42 80 bc 01 c0 


Register to memory mapping:

RAX=0x0000000019b0d908 is an unknown value
RBX=0x0000000000000600 is an unknown value
RCX=0x0000000000000000 is an unknown value
RDX=0x000000001c7a0a40 is an unknown value
RSP=0x000000001652c010 is pointing into the stack for thread: 0x0000000014b3d000
RBP=0x00000000000000c0 is an unknown value
RSI=0x00000000000000b8 is an unknown value
RDI=0x0000000000000000 is an unknown value
R8 =0x0000000076560000 is an unknown value
R9 =0x000000001652c330 is pointing into the stack for thread: 0x0000000014b3d000
R10=0x00000000ffffffff is an unallocated location in the heap
R11=0x0000000014b29840 is an unknown value
R12=0x0000000019b0e010 is an unknown value
R13=0x000000001bd52c98 is an unknown value
R14=0x0000000000000008 is an unknown value
R15=0x000000001bd52c98 is an unknown value


Stack: [0x0000000016430000,0x0000000016530000],  sp=0x000000001652c010,  free space=1008k
Native frames: (J=compiled Java code, j=interpreted, Vv=VM code, C=native code)
V  [jvm.dll+0x424bc2]
V  [jvm.dll+0x42579d]
V  [jvm.dll+0x425cdf]
V  [jvm.dll+0x4c5874]
V  [jvm.dll+0x44123c]
V  [jvm.dll+0x4436a9]
V  [jvm.dll+0x427532]
V  [jvm.dll+0x96702]
V  [jvm.dll+0x96ef3]
V  [jvm.dll+0x2232c4]
V  [jvm.dll+0x27baca]
C  [msvcr100.dll+0x21d9f]
C  [msvcr100.dll+0x21e3b]
C  [KERNEL32.DLL+0x16ad]
C  [ntdll.dll+0x54409]


Current CompileTask:
C2:  82188 6993       4       groovy.lang.MetaClassImpl::findPropertyMethod (356 bytes)


---------------  P R O C E S S  ---------------

Java Threads: ( => current thread )
  0x000000001848a000 JavaThread "edu.pucmm.pwa.proyectofinal.domains.Rol.data" daemon [_thread_blocked, id=3792, stack(0x000000001f1b0000,0x000000001f2b0000)]
  0x0000000018488000 JavaThread "net.sf.ehcache.CacheManager@783f6d2" daemon [_thread_blocked, id=8024, stack(0x000000001edc0000,0x000000001eec0000)]
  0x0000000016a15000 JavaThread "PoolCleaner[145581669:1418185775174]" daemon [_thread_blocked, id=3928, stack(0x000000001ecc0000,0x000000001edc0000)]
  0x0000000018fad000 JavaThread "FileSystemWatcher: files=#251 cl=groovy.lang.GroovyClassLoader@8ad6665" daemon [_thread_blocked, id=4776, stack(0x000000001ab60000,0x000000001ac60000)]
  0x0000000018827800 JavaThread "localhost-startStop-1" daemon [_thread_in_vm, id=7800, stack(0x000000001aa60000,0x000000001ab60000)]
  0x0000000017e56800 JavaThread "Tomcat-startStop-1" daemon [_thread_blocked, id=2724, stack(0x000000001a960000,0x000000001aa60000)]
  0x0000000018eb2800 JavaThread "Thread-3" [_thread_in_native, id=3504, stack(0x000000001a660000,0x000000001a760000)]
  0x0000000017fd6800 JavaThread "Thread-2" [_thread_blocked, id=7924, stack(0x0000000018ce0000,0x0000000018de0000)]
  0x0000000016ae0000 JavaThread "NonBlockingInputStreamThread" daemon [_thread_blocked, id=6784, stack(0x0000000017a10000,0x0000000017b10000)]
  0x000000001625d800 JavaThread "Service Thread" daemon [_thread_blocked, id=7536, stack(0x0000000016730000,0x0000000016830000)]
  0x0000000016124800 JavaThread "C1 CompilerThread2" daemon [_thread_blocked, id=776, stack(0x0000000016630000,0x0000000016730000)]
  0x00000000160da000 JavaThread "C2 CompilerThread1" daemon [_thread_in_native, id=4108, stack(0x0000000016530000,0x0000000016630000)]
=>0x0000000014b3d000 JavaThread "C2 CompilerThread0" daemon [_thread_in_native, id=5404, stack(0x0000000016430000,0x0000000016530000)]
  0x0000000014add000 JavaThread "Attach Listener" daemon [_thread_blocked, id=7200, stack(0x0000000015f30000,0x0000000016030000)]
  0x0000000014adb800 JavaThread "Signal Dispatcher" daemon [_thread_blocked, id=7764, stack(0x0000000015e30000,0x0000000015f30000)]
  0x0000000002d66800 JavaThread "Finalizer" daemon [_thread_blocked, id=4440, stack(0x0000000015d30000,0x0000000015e30000)]
  0x0000000014aa7800 JavaThread "Reference Handler" daemon [_thread_blocked, id=8052, stack(0x0000000015c30000,0x0000000015d30000)]
  0x0000000002c74000 JavaThread "main" [_thread_blocked, id=1704, stack(0x0000000002a20000,0x0000000002b20000)]

Other Threads:
  0x0000000014aa5800 VMThread [stack: 0x0000000015b30000,0x0000000015c30000] [id=5488]
  0x000000001624d000 WatcherThread [stack: 0x0000000016830000,0x0000000016930000] [id=216]

VM state:not at safepoint (normal execution)

VM Mutex/Monitor currently owned by a thread: None

Heap:
 PSYoungGen      total 169472K, used 50233K [0x00000000f0000000, 0x00000000ffb00000, 0x0000000100000000)
  eden space 138240K, 13% used [0x00000000f0000000,0x00000000f12b9ed8,0x00000000f8700000)
  from space 31232K, 99% used [0x00000000f8700000,0x00000000fa554650,0x00000000fa580000)
  to   space 59392K, 0% used [0x00000000fc100000,0x00000000fc100000,0x00000000ffb00000)
 ParOldGen       total 104960K, used 90260K [0x00000000d0000000, 0x00000000d6680000, 0x00000000f0000000)
  object space 104960K, 85% used [0x00000000d0000000,0x00000000d5825278,0x00000000d6680000)
 Metaspace       used 67296K, capacity 69072K, committed 69248K, reserved 1110016K
  class space    used 7242K, capacity 7725K, committed 7808K, reserved 1048576K

Card table byte_map: [0x0000000012130000,0x00000000122c0000] byte_map_base: 0x0000000011ab0000

Marking Bits: (ParMarkBitMap*) 0x0000000076d113b0
 Begin Bits: [0x00000000127c0000, 0x00000000133c0000)
 End Bits:   [0x00000000133c0000, 0x0000000013fc0000)

Polling page: 0x0000000002910000

CodeCache: size=245760Kb used=22430Kb max_used=22939Kb free=223329Kb
 bounds [0x0000000002d70000, 0x0000000004410000, 0x0000000011d70000]
 total_blobs=6654 nmethods=5893 adapters=672
 compilation: enabled

Compilation events (10 events):
Event: 81.952 Thread 0x00000000160da000 nmethod 6990 0x0000000003c5e850 code [0x0000000003c5ec80, 0x0000000003c62f58]
Event: 81.959 Thread 0x0000000016124800 7008       2       groovy.lang.MetaBeanProperty::setField (6 bytes)
Event: 81.959 Thread 0x0000000016124800 nmethod 7008 0x0000000003293690 code [0x00000000032937e0, 0x0000000003293950]
Event: 81.961 Thread 0x00000000160da000 6986       4       groovy.lang.MetaClassImpl::checkIfStdMethod (179 bytes)
Event: 81.983 Thread 0x00000000160da000 nmethod 6986 0x0000000003ba2590 code [0x0000000003ba2800, 0x0000000003ba36c0]
Event: 81.984 Thread 0x00000000160da000 7009       4       org.codehaus.groovy.reflection.ParameterTypes::coerceArgumentsToClasses (55 bytes)
Event: 81.993 Thread 0x00000000160da000 nmethod 7009 0x000000000344cad0 code [0x000000000344cc60, 0x000000000344d0e8]
Event: 81.993 Thread 0x00000000160da000 7006       4       org.springsource.loaded.ri.ReflectiveInterceptor::jlrMethodGetAnnotation (85 bytes)
Event: 81.993 Thread 0x0000000016124800 7010       3       groovy.lang.ExpandoMetaClass$3::call (244 bytes)
Event: 81.996 Thread 0x0000000016124800 nmethod 7010 0x0000000003d6b8d0 code [0x0000000003d6bc40, 0x0000000003d6d3b8]

GC Heap History (10 events):
Event: 67.604 GC heap before
{Heap before GC invocations=66 (full 5):
 PSYoungGen      total 200192K, used 188933K [0x00000000f0000000, 0x0000000100000000, 0x0000000100000000)
  eden space 148480K, 97% used [0x00000000f0000000,0x00000000f8cd5160,0x00000000f9100000)
  from space 51712K, 86% used [0x00000000fcd80000,0x00000000ff92c518,0x0000000100000000)
  to   space 56832K, 0% used [0x00000000f9100000,0x00000000f9100000,0x00000000fc880000)
 ParOldGen       total 76800K, used 67044K [0x00000000d0000000, 0x00000000d4b00000, 0x00000000f0000000)
  object space 76800K, 87% used [0x00000000d0000000,0x00000000d4179288,0x00000000d4b00000)
 Metaspace       used 65369K, capacity 67056K, committed 67200K, reserved 1110016K
  class space    used 6956K, capacity 7456K, committed 7552K, reserved 1048576K
Event: 67.689 GC heap after
Heap after GC invocations=66 (full 5):
 PSYoungGen      total 197632K, used 48719K [0x00000000f0000000, 0x0000000100000000, 0x0000000100000000)
  eden space 148480K, 0% used [0x00000000f0000000,0x00000000f0000000,0x00000000f9100000)
  from space 49152K, 99% used [0x00000000f9100000,0x00000000fc093e78,0x00000000fc100000)
  to   space 62464K, 0% used [0x00000000fc300000,0x00000000fc300000,0x0000000100000000)
 ParOldGen       total 76800K, used 71226K [0x00000000d0000000, 0x00000000d4b00000, 0x00000000f0000000)
  object space 76800K, 92% used [0x00000000d0000000,0x00000000d458e938,0x00000000d4b00000)
 Metaspace       used 65369K, capacity 67056K, committed 67200K, reserved 1110016K
  class space    used 6956K, capacity 7456K, committed 7552K, reserved 1048576K
}
Event: 67.689 GC heap before
{Heap before GC invocations=67 (full 6):
 PSYoungGen      total 197632K, used 48719K [0x00000000f0000000, 0x0000000100000000, 0x0000000100000000)
  eden space 148480K, 0% used [0x00000000f0000000,0x00000000f0000000,0x00000000f9100000)
  from space 49152K, 99% used [0x00000000f9100000,0x00000000fc093e78,0x00000000fc100000)
  to   space 62464K, 0% used [0x00000000fc300000,0x00000000fc300000,0x0000000100000000)
 ParOldGen       total 76800K, used 71226K [0x00000000d0000000, 0x00000000d4b00000, 0x00000000f0000000)
  object space 76800K, 92% used [0x00000000d0000000,0x00000000d458e938,0x00000000d4b00000)
 Metaspace       used 65369K, capacity 67056K, committed 67200K, reserved 1110016K
  class space    used 6956K, capacity 7456K, committed 7552K, reserved 1048576K
Event: 69.006 GC heap after
Heap after GC invocations=67 (full 6):
 PSYoungGen      total 197632K, used 40497K [0x00000000f0000000, 0x0000000100000000, 0x0000000100000000)
  eden space 148480K, 0% used [0x00000000f0000000,0x00000000f0000000,0x00000000f9100000)
  from space 49152K, 82% used [0x00000000f9100000,0x00000000fb88c6b8,0x00000000fc100000)
  to   space 62464K, 0% used [0x00000000fc300000,0x00000000fc300000,0x0000000100000000)
 ParOldGen       total 89088K, used 76445K [0x00000000d0000000, 0x00000000d5700000, 0x00000000f0000000)
  object space 89088K, 85% used [0x00000000d0000000,0x00000000d4aa7610,0x00000000d5700000)
 Metaspace       used 65362K, capacity 67044K, committed 67200K, reserved 1110016K
  class space    used 6955K, capacity 7454K, committed 7552K, reserved 1048576K
}
Event: 77.200 GC heap before
{Heap before GC invocations=68 (full 6):
 PSYoungGen      total 197632K, used 187622K [0x00000000f0000000, 0x0000000100000000, 0x0000000100000000)
  eden space 148480K, 99% used [0x00000000f0000000,0x00000000f8fad400,0x00000000f9100000)
  from space 49152K, 82% used [0x00000000f9100000,0x00000000fb88c6b8,0x00000000fc100000)
  to   space 62464K, 0% used [0x00000000fc300000,0x00000000fc300000,0x0000000100000000)
 ParOldGen       total 89088K, used 76445K [0x00000000d0000000, 0x00000000d5700000, 0x00000000f0000000)
  object space 89088K, 85% used [0x00000000d0000000,0x00000000d4aa7610,0x00000000d5700000)
 Metaspace       used 66715K, capacity 68388K, committed 68608K, reserved 1110016K
  class space    used 7136K, capacity 7646K, committed 7680K, reserved 1048576K
Event: 77.353 GC heap after
Heap after GC invocations=68 (full 6):
 PSYoungGen      total 200704K, used 35067K [0x00000000f0000000, 0x0000000100000000, 0x0000000100000000)
  eden space 138240K, 0% used [0x00000000f0000000,0x00000000f0000000,0x00000000f8700000)
  from space 62464K, 56% used [0x00000000fc300000,0x00000000fe53ec38,0x0000000100000000)
  to   space 61440K, 0% used [0x00000000f8700000,0x00000000f8700000,0x00000000fc300000)
 ParOldGen       total 89088K, used 83997K [0x00000000d0000000, 0x00000000d5700000, 0x00000000f0000000)
  object space 89088K, 94% used [0x00000000d0000000,0x00000000d5207418,0x00000000d5700000)
 Metaspace       used 66715K, capacity 68388K, committed 68608K, reserved 1110016K
  class space    used 7136K, capacity 7646K, committed 7680K, reserved 1048576K
}
Event: 77.353 GC heap before
{Heap before GC invocations=69 (full 7):
 PSYoungGen      total 200704K, used 35067K [0x00000000f0000000, 0x0000000100000000, 0x0000000100000000)
  eden space 138240K, 0% used [0x00000000f0000000,0x00000000f0000000,0x00000000f8700000)
  from space 62464K, 56% used [0x00000000fc300000,0x00000000fe53ec38,0x0000000100000000)
  to   space 61440K, 0% used [0x00000000f8700000,0x00000000f8700000,0x00000000fc300000)
 ParOldGen       total 89088K, used 83997K [0x00000000d0000000, 0x00000000d5700000, 0x00000000f0000000)
  object space 89088K, 94% used [0x00000000d0000000,0x00000000d5207418,0x00000000d5700000)
 Metaspace       used 66715K, capacity 68388K, committed 68608K, reserved 1110016K
  class space    used 7136K, capacity 7646K, committed 7680K, reserved 1048576K
Event: 78.579 GC heap after
Heap after GC invocations=69 (full 7):
 PSYoungGen      total 200704K, used 29667K [0x00000000f0000000, 0x0000000100000000, 0x0000000100000000)
  eden space 138240K, 0% used [0x00000000f0000000,0x00000000f0000000,0x00000000f8700000)
  from space 62464K, 47% used [0x00000000fc300000,0x00000000fdff8f40,0x0000000100000000)
  to   space 61440K, 0% used [0x00000000f8700000,0x00000000f8700000,0x00000000fc300000)
 ParOldGen       total 104960K, used 88900K [0x00000000d0000000, 0x00000000d6680000, 0x00000000f0000000)
  object space 104960K, 84% used [0x00000000d0000000,0x00000000d56d1278,0x00000000d6680000)
 Metaspace       used 66715K, capacity 68388K, committed 68608K, reserved 1110016K
  class space    used 7136K, capacity 7646K, committed 7680K, reserved 1048576K
}
Event: 81.769 GC heap before
{Heap before GC invocations=70 (full 7):
 PSYoungGen      total 200704K, used 167907K [0x00000000f0000000, 0x0000000100000000, 0x0000000100000000)
  eden space 138240K, 100% used [0x00000000f0000000,0x00000000f8700000,0x00000000f8700000)
  from space 62464K, 47% used [0x00000000fc300000,0x00000000fdff8f40,0x0000000100000000)
  to   space 61440K, 0% used [0x00000000f8700000,0x00000000f8700000,0x00000000fc300000)
 ParOldGen       total 104960K, used 88900K [0x00000000d0000000, 0x00000000d6680000, 0x00000000f0000000)
  object space 104960K, 84% used [0x00000000d0000000,0x00000000d56d1278,0x00000000d6680000)
 Metaspace       used 67161K, capacity 68894K, committed 68992K, reserved 1110016K
  class space    used 7213K, capacity 7712K, committed 7808K, reserved 1048576K
Event: 81.926 GC heap after
Heap after GC invocations=70 (full 7):
 PSYoungGen      total 169472K, used 31057K [0x00000000f0000000, 0x00000000ffb00000, 0x0000000100000000)
  eden space 138240K, 0% used [0x00000000f0000000,0x00000000f0000000,0x00000000f8700000)
  from space 31232K, 99% used [0x00000000f8700000,0x00000000fa554650,0x00000000fa580000)
  to   space 59392K, 0% used [0x00000000fc100000,0x00000000fc100000,0x00000000ffb00000)
 ParOldGen       total 104960K, used 90260K [0x00000000d0000000, 0x00000000d6680000, 0x00000000f0000000)
  object space 104960K, 85% used [0x00000000d0000000,0x00000000d5825278,0x00000000d6680000)
 Metaspace       used 67161K, capacity 68894K, committed 68992K, reserved 1110016K
  class space    used 7213K, capacity 7712K, committed 7808K, reserved 1048576K
}

Deoptimization events (10 events):
Event: 78.923 Thread 0x0000000018827800 Uncommon trap: reason=class_check action=maybe_recompile pc=0x0000000004399550 method=org.springframework.transaction.interceptor.TransactionAttributeSourcePointcut.matches(Ljava/lang/reflect/Method;Ljava/lang/Class;)Z @ 12
Event: 78.924 Thread 0x0000000018827800 Uncommon trap: reason=class_check action=maybe_recompile pc=0x0000000004399550 method=org.springframework.transaction.interceptor.TransactionAttributeSourcePointcut.matches(Ljava/lang/reflect/Method;Ljava/lang/Class;)Z @ 12
Event: 81.929 Thread 0x0000000018827800 Uncommon trap: reason=class_check action=maybe_recompile pc=0x000000000385b058 method=java.lang.reflect.Executable.getAnnotation(Ljava/lang/Class;)Ljava/lang/annotation/Annotation; @ 19
Event: 81.930 Thread 0x0000000018827800 Uncommon trap: reason=class_check action=maybe_recompile pc=0x000000000385b058 method=java.lang.reflect.Executable.getAnnotation(Ljava/lang/Class;)Ljava/lang/annotation/Annotation; @ 19
Event: 81.931 Thread 0x0000000018827800 Uncommon trap: reason=class_check action=maybe_recompile pc=0x000000000385b058 method=java.lang.reflect.Executable.getAnnotation(Ljava/lang/Class;)Ljava/lang/annotation/Annotation; @ 19
Event: 81.932 Thread 0x0000000018827800 Uncommon trap: reason=class_check action=maybe_recompile pc=0x000000000385b058 method=java.lang.reflect.Executable.getAnnotation(Ljava/lang/Class;)Ljava/lang/annotation/Annotation; @ 19
Event: 81.980 Thread 0x0000000018827800 Uncommon trap: reason=class_check action=maybe_recompile pc=0x0000000003dbf484 method=groovy.lang.MetaClassImpl.checkIfStdMethod(Lgroovy/lang/MetaMethod;)V @ 123
Event: 81.980 Thread 0x0000000018827800 Uncommon trap: reason=class_check action=maybe_recompile pc=0x0000000003dbf46c method=groovy.lang.MetaClassImpl.checkIfStdMethod(Lgroovy/lang/MetaMethod;)V @ 60
Event: 81.980 Thread 0x0000000018827800 Uncommon trap: reason=class_check action=maybe_recompile pc=0x0000000003dbf46c method=groovy.lang.MetaClassImpl.checkIfStdMethod(Lgroovy/lang/MetaMethod;)V @ 60
Event: 81.993 Thread 0x0000000018827800 Uncommon trap: reason=unloaded action=reinterpret pc=0x000000000425c280 method=org.codehaus.groovy.runtime.metaclass.ClosureMetaMethod.createMethodList(Ljava/lang/String;Ljava/lang/Class;Lgroovy/lang/Closure;)Ljava/util/List; @ 227

Internal exceptions (10 events):
Event: 81.986 Thread 0x0000000018827800 Exception <a 'java/security/PrivilegedActionException'> (0x00000000f034f378) thrown at [D:\re\workspace\8-2-build-windows-amd64-cygwin\jdk8u5\2488\hotspot\src\share\vm\prims\jvm.cpp, line 1248]
Event: 81.986 Thread 0x0000000018827800 Exception <a 'java/lang/ClassNotFoundException': org/codehaus/groovy/grails/commons/metaclass/MetaClassEnhancer$1BeanInfo> (0x00000000f03502b8) thrown at [D:\re\workspace\8-2-build-windows-amd64-cygwin\jdk8u5\2488\hotspot\src\share\vm\classfile\systemDicti
Event: 81.986 Thread 0x0000000018827800 Exception <a 'java/security/PrivilegedActionException'> (0x00000000f03515b8) thrown at [D:\re\workspace\8-2-build-windows-amd64-cygwin\jdk8u5\2488\hotspot\src\share\vm\prims\jvm.cpp, line 1248]
Event: 81.986 Thread 0x0000000018827800 Exception <a 'java/security/PrivilegedActionException'> (0x00000000f0356550) thrown at [D:\re\workspace\8-2-build-windows-amd64-cygwin\jdk8u5\2488\hotspot\src\share\vm\prims\jvm.cpp, line 1248]
Event: 81.987 Thread 0x0000000018827800 Exception <a 'java/security/PrivilegedActionException'> (0x00000000f036ce38) thrown at [D:\re\workspace\8-2-build-windows-amd64-cygwin\jdk8u5\2488\hotspot\src\share\vm\prims\jvm.cpp, line 1248]
Event: 81.988 Thread 0x0000000018827800 Exception <a 'java/security/PrivilegedActionException'> (0x00000000f03892e8) thrown at [D:\re\workspace\8-2-build-windows-amd64-cygwin\jdk8u5\2488\hotspot\src\share\vm\prims\jvm.cpp, line 1248]
Event: 81.988 Thread 0x0000000018827800 Exception <a 'java/security/PrivilegedActionException'> (0x00000000f038e280) thrown at [D:\re\workspace\8-2-build-windows-amd64-cygwin\jdk8u5\2488\hotspot\src\share\vm\prims\jvm.cpp, line 1248]
Event: 81.989 Thread 0x0000000018827800 Exception <a 'java/security/PrivilegedActionException'> (0x00000000f03a4b68) thrown at [D:\re\workspace\8-2-build-windows-amd64-cygwin\jdk8u5\2488\hotspot\src\share\vm\prims\jvm.cpp, line 1248]
Event: 81.991 Thread 0x0000000018827800 Exception <a 'java/security/PrivilegedActionException'> (0x00000000f03d6928) thrown at [D:\re\workspace\8-2-build-windows-amd64-cygwin\jdk8u5\2488\hotspot\src\share\vm\prims\jvm.cpp, line 1248]
Event: 81.991 Thread 0x0000000018827800 Exception <a 'java/lang/ClassNotFoundException': org/codehaus/groovy/grails/commons/metaclass/MetaClassEnhancer$1Customizer> (0x00000000f03d7870) thrown at [D:\re\workspace\8-2-build-windows-amd64-cygwin\jdk8u5\2488\hotspot\src\share\vm\classfile\systemDicþfT@

Events (10 events):
Event: 81.986 loading class org/codehaus/groovy/grails/commons/metaclass/MetaClassEnhancer$1BeanInfo done
Event: 81.986 loading class org/codehaus/groovy/grails/commons/metaclass/MetaClassEnhancer$1Customizer
Event: 81.986 loading class org/codehaus/groovy/grails/commons/metaclass/MetaClassEnhancer$1Customizer done
Event: 81.988 loading class org/codehaus/groovy/grails/commons/metaclass/MetaClassEnhancer$1Customizer
Event: 81.988 loading class org/codehaus/groovy/grails/commons/metaclass/MetaClassEnhancer$1Customizer done
Event: 81.991 loading class org/codehaus/groovy/grails/commons/metaclass/MetaClassEnhancer$1Customizer
Event: 81.991 loading class org/codehaus/groovy/grails/commons/metaclass/MetaClassEnhancer$1Customizer done
Event: 81.993 Thread 0x0000000018827800 Uncommon trap: trap_request=0x00000009 fr.pc=0x000000000425c280
Event: 81.993 Thread 0x0000000018827800 DEOPT PACKING pc=0x000000000425c280 sp=0x000000001ab5c940
Event: 81.993 Thread 0x0000000018827800 DEOPT UNPACKING pc=0x0000000002db73ef sp=0x000000001ab5c960 mode 2


Dynamic libraries:
0x00007ff73c7e0000 - 0x00007ff73c814000 	C:\Program Files\Java\jdk1.8.0_05\bin\java.exe
0x00007ffb02d70000 - 0x00007ffb02f16000 	C:\Windows\SYSTEM32\ntdll.dll
0x00007ffb02c30000 - 0x00007ffb02d6a000 	C:\Windows\system32\KERNEL32.DLL
0x00007ffb00390000 - 0x00007ffb0049f000 	C:\Windows\system32\KERNELBASE.dll
0x00007ffafeae0000 - 0x00007ffafeb68000 	C:\Windows\system32\apphelp.dll
0x00007ffaed490000 - 0x00007ffaed4df000 	C:\Windows\AppPatch\AppPatch64\AcGenral.DLL
0x00007ffb01290000 - 0x00007ffb01337000 	C:\Windows\system32\msvcrt.dll
0x00007ffafff90000 - 0x00007ffafffbb000 	C:\Windows\SYSTEM32\SspiCli.dll
0x00007ffb02bd0000 - 0x00007ffb02c21000 	C:\Windows\system32\SHLWAPI.dll
0x00007ffb006a0000 - 0x00007ffb00811000 	C:\Windows\system32\USER32.dll
0x00007ffb00f20000 - 0x00007ffb01098000 	C:\Windows\system32\ole32.dll
0x00007ffb013a0000 - 0x00007ffb027af000 	C:\Windows\system32\SHELL32.dll
0x00007ffaff710000 - 0x00007ffaff72e000 	C:\Windows\SYSTEM32\USERENV.dll
0x00007ffb02b10000 - 0x00007ffb02bb5000 	C:\Windows\system32\ADVAPI32.dll
0x00007ffaf9740000 - 0x00007ffaf975b000 	C:\Windows\SYSTEM32\MPR.dll
0x00007ffb00c40000 - 0x00007ffb00d77000 	C:\Windows\system32\RPCRT4.dll
0x00007ffb02aa0000 - 0x00007ffb02af7000 	C:\Windows\SYSTEM32\sechost.dll
0x00007ffb010a0000 - 0x00007ffb01276000 	C:\Windows\SYSTEM32\combase.dll
0x00007ffb00a90000 - 0x00007ffb00bd4000 	C:\Windows\system32\GDI32.dll
0x00007ffb000e0000 - 0x00007ffb000f4000 	C:\Windows\SYSTEM32\profapi.dll
0x00007ffafe3c0000 - 0x00007ffafe45f000 	C:\Windows\SYSTEM32\SHCORE.dll
0x00007ffb00820000 - 0x00007ffb00854000 	C:\Windows\system32\IMM32.DLL
0x00007ffb00880000 - 0x00007ffb009b9000 	C:\Windows\system32\MSCTF.dll
0x00007ffafd5a0000 - 0x00007ffafd7fa000 	C:\Windows\WinSxS\amd64_microsoft.windows.common-controls_6595b64144ccf1df_6.0.9600.17031_none_6242a4b3ecbb55a1\COMCTL32.dll
0x0000000076d90000 - 0x0000000076e62000 	C:\Program Files\Java\jdk1.8.0_05\jre\bin\msvcr100.dll
0x0000000076560000 - 0x0000000076d8a000 	C:\Program Files\Java\jdk1.8.0_05\jre\bin\server\jvm.dll
0x00007ffafce50000 - 0x00007ffafce59000 	C:\Windows\SYSTEM32\WSOCK32.dll
0x00007ffaee7e0000 - 0x00007ffaee7ff000 	C:\Windows\SYSTEM32\WINMM.dll
0x00007ffb02b00000 - 0x00007ffb02b07000 	C:\Windows\system32\PSAPI.DLL
0x00007ffb00be0000 - 0x00007ffb00c38000 	C:\Windows\system32\WS2_32.dll
0x00007ffaee7b0000 - 0x00007ffaee7da000 	C:\Windows\SYSTEM32\WINMMBASE.dll
0x00007ffb02bc0000 - 0x00007ffb02bc9000 	C:\Windows\system32\NSI.dll
0x00007ffb004a0000 - 0x00007ffb004ea000 	C:\Windows\SYSTEM32\cfgmgr32.dll
0x00007ffafef50000 - 0x00007ffafef76000 	C:\Windows\SYSTEM32\DEVOBJ.dll
0x0000000076550000 - 0x000000007655f000 	C:\Program Files\Java\jdk1.8.0_05\jre\bin\verify.dll
0x0000000076520000 - 0x0000000076548000 	C:\Program Files\Java\jdk1.8.0_05\jre\bin\java.dll
0x00000000764f0000 - 0x0000000076513000 	C:\Program Files\Java\jdk1.8.0_05\jre\bin\instrument.dll
0x00000000764d0000 - 0x00000000764e6000 	C:\Program Files\Java\jdk1.8.0_05\jre\bin\zip.dll
0x00007ffaffbe0000 - 0x00007ffaffbfe000 	C:\Windows\SYSTEM32\CRYPTSP.dll
0x00007ffaff600000 - 0x00007ffaff635000 	C:\Windows\system32\rsaenh.dll
0x00007ffaffc90000 - 0x00007ffaffcb6000 	C:\Windows\SYSTEM32\bcrypt.dll
0x00007ffafffc0000 - 0x00007ffb00020000 	C:\Windows\system32\bcryptprimitives.dll
0x00007ffb00020000 - 0x00007ffb0002a000 	C:\Windows\SYSTEM32\CRYPTBASE.dll
0x00000000764b0000 - 0x00000000764ca000 	C:\Program Files\Java\jdk1.8.0_05\jre\bin\net.dll
0x00007ffaff980000 - 0x00007ffaff9d8000 	C:\Windows\system32\mswsock.dll
0x00007ffafc3b0000 - 0x00007ffafc3d9000 	C:\Windows\SYSTEM32\IPHLPAPI.DLL
0x00007ffafc380000 - 0x00007ffafc38a000 	C:\Windows\SYSTEM32\WINNSI.DLL
0x00007ffafc230000 - 0x00007ffafc244000 	C:\Windows\SYSTEM32\dhcpcsvc6.DLL
0x00007ffafc1f0000 - 0x00007ffafc209000 	C:\Windows\SYSTEM32\dhcpcsvc.DLL
0x0000000076490000 - 0x00000000764a1000 	C:\Program Files\Java\jdk1.8.0_05\jre\bin\nio.dll
0x00007ffafa4f0000 - 0x00007ffafa4fa000 	C:\Users\Richard\AppData\Local\Temp\jansi-64-1999269643536248808.dll
0x0000000076440000 - 0x000000007644d000 	C:\Program Files\Java\jdk1.8.0_05\jre\bin\management.dll
0x00007ffaff790000 - 0x00007ffaff833000 	C:\Windows\SYSTEM32\DNSAPI.dll
0x0000000077990000 - 0x00000000779b6000 	C:\Program Files\Bonjour\mdnsNSP.dll
0x00007ffaedb00000 - 0x00007ffaedb09000 	C:\Windows\System32\rasadhlp.dll
0x00007ffafbe90000 - 0x00007ffafbef8000 	C:\Windows\System32\fwpuclnt.dll
0x00007ffaedea0000 - 0x00007ffaedeb4000 	C:\Windows\system32\napinsp.dll
0x00007ffaede80000 - 0x00007ffaede99000 	C:\Windows\system32\pnrpnsp.dll
0x00007ffafd150000 - 0x00007ffafd169000 	C:\Windows\system32\NLAapi.dll
0x00007ffaede70000 - 0x00007ffaede7c000 	C:\Windows\System32\winrnr.dll
0x00007ffaee5f0000 - 0x00007ffaee778000 	C:\Windows\SYSTEM32\dbghelp.dll

VM Arguments:
jvm_args: -Dfile.encoding=UTF-8 -Xmx768M -Xms64M -Dgrails.fork.parent.process.port=15869 -Dgrails.fork.active=true -Dgrails.build.execution.context=C:\Users\Richard\AppData\Local\Temp\final_isc517_20100553_200908851362215048786596895grails-execution-context -Dgrails.home=C:\grails-2.4.3 -javaagent:C:\grails-2.4.3\lib\org.springframework\springloaded\jars\springloaded-1.2.0.RELEASE.jar -Xverify:none -Dspringloaded.synchronize=true -Djdk.reflect.allowGetCallerClass=true -Dspringloaded=profile=grails;cacheDir=C:\Users\Richard\.grails\2.4.3 
java_command: org.grails.plugins.tomcat.fork.ForkedTomcatServer
java_class_path (initial): C:\Program Files\Java\jdk1.8.0_05\lib\tools.jar;C:\grails-2.4.3\lib\org.codehaus.groovy\groovy-all\jars\groovy-all-2.3.6.jar;C:\grails-2.4.3\lib\org.slf4j\jcl-over-slf4j\jars\jcl-over-slf4j-1.7.5.jar;C:\grails-2.4.3\lib\org.codehaus.gant\gant_groovy1.8\jars\gant_groovy1.8-1.9.6.jar;C:\grails-2.4.3\lib\org.apache.tomcat.embed\tomcat-embed-logging-log4j\jars\tomcat-embed-logging-log4j-7.0.50.jar;C:\grails-2.4.3\dist\grails-plugin-log4j-2.4.3.jar;C:\grails-2.4.3\lib\log4j\log4j\jars\log4j-1.2.17.jar;C:\grails-2.4.3\dist\grails-bootstrap-2.4.3.jar;C:\grails-2.4.3\lib\org.slf4j\slf4j-api\jars\slf4j-api-1.7.5.jar;C:\grails-2.4.3\lib\jline\jline\jars\jline-2.12.jar;C:\grails-2.4.3\lib\org.apache.ant\ant\jars\ant-1.8.4.jar;C:\grails-2.4.3\lib\org.apache.ant\ant-launcher\jars\ant-launcher-1.8.4.jar;C:\grails-2.4.3\lib\org.apache.ant\ant-trax\jars\ant-trax-1.7.1.jar;C:\grails-2.4.3\lib\org.apache.ant\ant-junit\jars\ant-junit-1.8.4.jar;C:\grails-2.4.3\lib\org.apache.ivy\ivy\jars\ivy-2.3.0.jar;C:\grails-2.4.3\lib\org.fusesource.jansi\jansi\jars\jansi-1.11.jar;C:\Users\Richard\.m2\repository\org\apache\tomcat\tomcat-catalina-ant\7.0.55\tomcat-catalina-ant-7.0.55.jar;C:\Users\Richard\.m2\repository\org\apache\tomcat\embed\tomcat-embed-jasper\7.0.55\tomcat-embed-jasper-7.0.55.jar;C:\Users\Richard\.m2\repository\org\apache\tomcat\embed\tomcat-embed-el\7.0.55\tomcat-embed-el-7.0.55.jar;C:\Users\Richard\.m2\repository\org\apache\tomcat\embed\tomcat-embed-logging-log4j\7.0.55\tomcat-embed-logging-log4j-7.0.55.jar;C:\Users\Richard\.m2\repository\org\apache\tomcat\embed\tomcat-embed-websocket\7.0.55\tomcat-embed-websocket-7.0.55.jar;C:\Users\Richard\.m2\repository\org\apache\tomcat\embed\tomcat-embed-core\7.0.55\tomcat-embed-core-7.0.55.jar;C:\Users\Richard\.m2\repository\org\eclipse\jdt\core\compiler\ecj\3.7.2\ecj-3.7.2.jar;C:\Users\Richard\Documents\NetBeansProjects\Programacion Web\pw-rg-dhoz\final_isc517_20100553_20090885\target\work\plugins\tomcat-7.0.5
Launcher Type: SUN_STANDARD

Environment Variables:
JAVA_HOME=C:\Program Files\Java\jdk1.8.0_05
PATH=C:\ProgramData\Oracle\Java\javapath;C:\Python27\;C:\Python27\Scripts;C:\Windows\system32;C:\Windows;C:\Windows\System32\Wbem;C:\Windows\System32\WindowsPowerShell\v1.0\;C:\Program Files\Microsoft SQL Server\110\Tools\Binn\;C:\Program Files\Microsoft SQL Server\120\Tools\Binn\;C:\Program Files\Microsoft SQL Server\120\DTS\Binn\;C:\Program Files\Microsoft SQL Server\Client SDK\ODBC\110\Tools\Binn\;C:\Program Files (x86)\Microsoft SQL Server\120\Tools\Binn\;C:\Program Files (x86)\Microsoft SQL Server\120\Tools\Binn\ManagementStudio\;C:\Program Files (x86)\Microsoft SQL Server\120\DTS\Binn\;C:\Program Files (x86)\GtkSharp\2.12\bin;C:\Program Files\Microsoft\Web Platform Installer\;C:\Program Files (x86)\Windows Kits\8.1\Windows Performance Toolkit\;C:\Users\Richard\AppData\Local\GitHub\PortableGit_054f2e797ebafd44a30203088cd3d58663c627ef\bin;C:\Program Files\nodejs\;C:\Program Files (x86)\Microsoft SDKs\TypeScript\1.0\;C:\Program Files (x86)\Heroku\bin;C:\Program Files (x86)\git\cmd;C:\Program Files (x86)\MySQL\MySQL Fabric 1.5.2 & MySQL Utilities 1.5.2 1.5\;C:\Program Files (x86)\MySQL\MySQL Fabric 1.5.2 & MySQL Utilities 1.5.2 1.5\Doctrine extensions for PHP\;C:\Ruby21\bin;C:\Program Files\Java\jdk1.8.0_05\/bin;C:\grails-2.4.3/bin;C:\Users\Richard\AppData\Local\GitHub\PortableGit_fed20eba68b3e238e49a47cdfed0a45783d93651\bin;C:\Program Files\nodejs;C:\Program Files\Apache Software Foundation\apache-tomcat-8.0.8/bin;C:\Program Files\Sublime Text 3;C:\Emgu\emgucv-windows-x64 2.4.0.1717\bin\x64;C:\Users\Richard\AppData\Roaming\npm;C:\Python27;C:\gradle-2.1/bin;C:\sqlite
USERNAME=Richard
OS=Windows_NT
PROCESSOR_IDENTIFIER=Intel64 Family 6 Model 37 Stepping 5, GenuineIntel



---------------  S Y S T E M  ---------------

OS: Windows 8.1 , 64 bit Build 9600 

CPU:total 4 (2 cores per cpu, 2 threads per core) family 6 model 37 stepping 5, cmov, cx8, fxsr, mmx, sse, sse2, sse3, ssse3, sse4.1, sse4.2, popcnt, ht, tsc, tscinvbit

Memory: 4k page, physical 3857160k(181732k free), swap 7920392k(1210452k free)

vm_info: Java HotSpot(TM) 64-Bit Server VM (25.5-b02) for windows-amd64 JRE (1.8.0_05-b13), built on Mar 18 2014 01:08:39 by "java_re" with MS VC++ 10.0 (VS2010)

time: Wed Dec 10 00:30:12 2014
elapsed time: 82 seconds

